<?xml version="1.0" encoding="UTF-8"?>
<testng-results ignored="0" total="1" passed="1" failed="0" skipped="0">
  <reporter-output>
  </reporter-output>
  <suite started-at="2023-01-31T12:20:22 IST" name="ExtentReportLoginPage" finished-at="2023-01-31T12:20:47 IST" duration-ms="25128">
    <groups>
    </groups>
    <test started-at="2023-01-31T12:20:22 IST" name="LoginPage" finished-at="2023-01-31T12:20:47 IST" duration-ms="25128">
      <class name="testcase.LoginTc">
        <test-method is-config="true" signature="startreport()[pri:0, instance:testcase.LoginTc@738dc9b]" started-at="2023-01-31T12:20:22 IST" name="startreport" finished-at="2023-01-31T12:20:22 IST" duration-ms="355" status="PASS">
          <reporter-output>
          </reporter-output>
        </test-method> <!-- startreport -->
        <test-method is-config="true" signature="setfile()[pri:0, instance:testcase.LoginTc@738dc9b]" started-at="2023-01-31T12:20:22 IST" name="setfile" finished-at="2023-01-31T12:20:22 IST" duration-ms="0" status="PASS">
          <reporter-output>
          </reporter-output>
        </test-method> <!-- setfile -->
        <test-method is-config="true" signature="testcaseDetails()[pri:0, instance:testcase.LoginTc@738dc9b]" started-at="2023-01-31T12:20:22 IST" name="testcaseDetails" finished-at="2023-01-31T12:20:22 IST" duration-ms="2" status="PASS">
          <reporter-output>
          </reporter-output>
        </test-method> <!-- testcaseDetails -->
        <test-method is-config="true" signature="preConditions()[pri:0, instance:testcase.LoginTc@738dc9b]" started-at="2023-01-31T12:20:23 IST" name="preConditions" finished-at="2023-01-31T12:20:27 IST" duration-ms="4161" status="PASS">
          <reporter-output>
          </reporter-output>
        </test-method> <!-- preConditions -->
        <test-method signature="runLoginTC(java.lang.String,java.lang.String)[pri:0, instance:testcase.LoginTc@738dc9b]" started-at="2023-01-31T12:20:27 IST" name="runLoginTC" data-provider="fetchdata" finished-at="2023-01-31T12:20:31 IST" duration-ms="3578" status="PASS">
          <params>
            <param index="0">
              <value>
                <![CDATA[DemoCSR]]>
              </value>
            </param>
            <param index="1">
              <value>
                <![CDATA[crmsfa]]>
              </value>
            </param>
          </params>
          <reporter-output>
          </reporter-output>
        </test-method> <!-- runLoginTC -->
        <test-method is-config="true" signature="postConditions()[pri:0, instance:testcase.LoginTc@738dc9b]" started-at="2023-01-31T12:20:31 IST" name="postConditions" finished-at="2023-01-31T12:20:47 IST" duration-ms="16241" status="PASS">
          <reporter-output>
          </reporter-output>
        </test-method> <!-- postConditions -->
        <test-method is-config="true" signature="endreport()[pri:0, instance:testcase.LoginTc@738dc9b]" started-at="2023-01-31T12:20:47 IST" name="endreport" finished-at="2023-01-31T12:20:48 IST" duration-ms="289" status="PASS">
          <reporter-output>
          </reporter-output>
        </test-method> <!-- endreport -->
      </class> <!-- testcase.LoginTc -->
    </test> <!-- LoginPage -->
  </suite> <!-- ExtentReportLoginPage -->
</testng-results>
